[16:02:07] [Server thread/INFO]: Starting minecraft server version 1.12
[16:02:07] [Server thread/INFO]: Loading properties
[16:02:07] [Server thread/INFO]: Default game type: SURVIVAL
[16:02:07] [Server thread/INFO]: This server is running CraftBukkit version git-Spigot-596221b-2c5c611 (MC: 1.12) (Implementing API version 1.12-R0.1-SNAPSHOT)
[16:02:08] [Server thread/INFO]: Server Ping Player Sample Count: 12
[16:02:08] [Server thread/INFO]: Using 4 threads for Netty based IO
[16:02:08] [Server thread/INFO]: Debug logging is disabled
[16:02:08] [Server thread/INFO]: Generating keypair
[16:02:08] [Server thread/INFO]: Starting Minecraft server on *:25565
[16:02:08] [Server thread/INFO]: Using epoll channel type
[16:02:09] [Server thread/INFO]: Set PluginClassLoader as parallel capable
[16:02:09] [Server thread/ERROR]: Could not load 'plugins/Vivecraft_Spigot_Extensions.jar' in folder 'plugins'
org.bukkit.plugin.InvalidPluginException: java.lang.NoClassDefFoundError: net/minecraft/server/v1_11_R1/PathfinderGoal
	at org.bukkit.plugin.java.JavaPluginLoader.loadPlugin(JavaPluginLoader.java:133) ~[spigot-1.12.jar:git-Spigot-596221b-2c5c611]
	at org.bukkit.plugin.SimplePluginManager.loadPlugin(SimplePluginManager.java:326) ~[spigot-1.12.jar:git-Spigot-596221b-2c5c611]
	at org.bukkit.plugin.SimplePluginManager.loadPlugins(SimplePluginManager.java:248) [spigot-1.12.jar:git-Spigot-596221b-2c5c611]
	at org.bukkit.craftbukkit.v1_12_R1.CraftServer.loadPlugins(CraftServer.java:298) [spigot-1.12.jar:git-Spigot-596221b-2c5c611]
	at net.minecraft.server.v1_12_R1.DedicatedServer.init(DedicatedServer.java:205) [spigot-1.12.jar:git-Spigot-596221b-2c5c611]
	at net.minecraft.server.v1_12_R1.MinecraftServer.run(MinecraftServer.java:544) [spigot-1.12.jar:git-Spigot-596221b-2c5c611]
	at java.lang.Thread.run(Thread.java:748) [?:1.8.0_144]
Caused by: java.lang.NoClassDefFoundError: net/minecraft/server/v1_11_R1/PathfinderGoal
	at java.lang.Class.forName0(Native Method) ~[?:1.8.0_144]
	at java.lang.Class.forName(Class.java:348) ~[?:1.8.0_144]
	at org.bukkit.plugin.java.PluginClassLoader.<init>(PluginClassLoader.java:64) ~[spigot-1.12.jar:git-Spigot-596221b-2c5c611]
	at org.bukkit.plugin.java.JavaPluginLoader.loadPlugin(JavaPluginLoader.java:129) ~[spigot-1.12.jar:git-Spigot-596221b-2c5c611]
	... 6 more
Caused by: java.lang.ClassNotFoundException: net.minecraft.server.v1_11_R1.PathfinderGoal
	at org.bukkit.plugin.java.PluginClassLoader.findClass(PluginClassLoader.java:91) ~[spigot-1.12.jar:git-Spigot-596221b-2c5c611]
	at org.bukkit.plugin.java.PluginClassLoader.findClass(PluginClassLoader.java:86) ~[spigot-1.12.jar:git-Spigot-596221b-2c5c611]
	at java.lang.ClassLoader.loadClass(ClassLoader.java:424) ~[?:1.8.0_144]
	at java.lang.ClassLoader.loadClass(ClassLoader.java:357) ~[?:1.8.0_144]
	at java.lang.Class.forName0(Native Method) ~[?:1.8.0_144]
	at java.lang.Class.forName(Class.java:348) ~[?:1.8.0_144]
	at org.bukkit.plugin.java.PluginClassLoader.<init>(PluginClassLoader.java:64) ~[spigot-1.12.jar:git-Spigot-596221b-2c5c611]
	at org.bukkit.plugin.java.JavaPluginLoader.loadPlugin(JavaPluginLoader.java:129) ~[spigot-1.12.jar:git-Spigot-596221b-2c5c611]
	... 6 more
[16:02:09] [Server thread/INFO]: **** Beginning UUID conversion, this may take A LONG time ****
[16:02:09] [Server thread/INFO]: Preparing level "world"
[16:02:09] [Server thread/INFO]: -------- World Settings For [world] --------
[16:02:09] [Server thread/INFO]: Cactus Growth Modifier: 100%
[16:02:09] [Server thread/INFO]: Cane Growth Modifier: 100%
[16:02:09] [Server thread/INFO]: Melon Growth Modifier: 100%
[16:02:09] [Server thread/INFO]: Mushroom Growth Modifier: 100%
[16:02:09] [Server thread/INFO]: Pumpkin Growth Modifier: 100%
[16:02:09] [Server thread/INFO]: Sapling Growth Modifier: 100%
[16:02:09] [Server thread/INFO]: Wheat Growth Modifier: 100%
[16:02:09] [Server thread/INFO]: NetherWart Growth Modifier: 100%
[16:02:09] [Server thread/INFO]: Vine Growth Modifier: 100%
[16:02:09] [Server thread/INFO]: Cocoa Growth Modifier: 100%
[16:02:09] [Server thread/INFO]: Mob Spawn Range: 4
[16:02:09] [Server thread/INFO]: Entity Activation Range: An 32 / Mo 32 / Mi 16
[16:02:09] [Server thread/INFO]: Entity Tracking Range: Pl 48 / An 48 / Mo 48 / Mi 32 / Other 64
[16:02:09] [Server thread/INFO]: Hopper Transfer: 8 Hopper Check: 1 Hopper Amount: 1
[16:02:09] [Server thread/INFO]: Random Lighting Updates: false
[16:02:09] [Server thread/INFO]: Structure Info Saving: true
[16:02:09] [Server thread/INFO]: Custom Map Seeds:  Village: 10387312 Feature: 14357617 Monument: 10387313 Slime: 987234911
[16:02:09] [Server thread/INFO]: Max TNT Explosions: 100
[16:02:09] [Server thread/INFO]: Tile Max Tick Time: 50ms Entity max Tick Time: 50ms
[16:02:09] [Server thread/INFO]: Item Despawn Rate: 6000
[16:02:09] [Server thread/INFO]: Item Merge Radius: 2.5
[16:02:09] [Server thread/INFO]: Arrow Despawn Rate: 1200
[16:02:09] [Server thread/INFO]: Allow Zombie Pigmen to spawn from portal blocks: true
[16:02:09] [Server thread/INFO]: View Distance: 10
[16:02:09] [Server thread/INFO]: Experience Merge Radius: 3.0
[16:02:09] [Server thread/INFO]: Zombie Aggressive Towards Villager: true
[16:02:09] [Server thread/INFO]: Nerfing mobs spawned from spawners: false
[16:02:09] [Server thread/INFO]: -------- World Settings For [world_nether] --------
[16:02:09] [Server thread/INFO]: Cactus Growth Modifier: 100%
[16:02:09] [Server thread/INFO]: Cane Growth Modifier: 100%
[16:02:09] [Server thread/INFO]: Melon Growth Modifier: 100%
[16:02:09] [Server thread/INFO]: Mushroom Growth Modifier: 100%
[16:02:09] [Server thread/INFO]: Pumpkin Growth Modifier: 100%
[16:02:09] [Server thread/INFO]: Sapling Growth Modifier: 100%
[16:02:09] [Server thread/INFO]: Wheat Growth Modifier: 100%
[16:02:09] [Server thread/INFO]: NetherWart Growth Modifier: 100%
[16:02:09] [Server thread/INFO]: Vine Growth Modifier: 100%
[16:02:09] [Server thread/INFO]: Cocoa Growth Modifier: 100%
[16:02:09] [Server thread/INFO]: Mob Spawn Range: 4
[16:02:09] [Server thread/INFO]: Entity Activation Range: An 32 / Mo 32 / Mi 16
[16:02:09] [Server thread/INFO]: Entity Tracking Range: Pl 48 / An 48 / Mo 48 / Mi 32 / Other 64
[16:02:09] [Server thread/INFO]: Hopper Transfer: 8 Hopper Check: 1 Hopper Amount: 1
[16:02:09] [Server thread/INFO]: Random Lighting Updates: false
[16:02:09] [Server thread/INFO]: Structure Info Saving: true
[16:02:09] [Server thread/INFO]: Custom Map Seeds:  Village: 10387312 Feature: 14357617 Monument: 10387313 Slime: 987234911
[16:02:09] [Server thread/INFO]: Max TNT Explosions: 100
[16:02:09] [Server thread/INFO]: Tile Max Tick Time: 50ms Entity max Tick Time: 50ms
[16:02:09] [Server thread/INFO]: Item Despawn Rate: 6000
[16:02:09] [Server thread/INFO]: Item Merge Radius: 2.5
[16:02:09] [Server thread/INFO]: Arrow Despawn Rate: 1200
[16:02:09] [Server thread/INFO]: Allow Zombie Pigmen to spawn from portal blocks: true
[16:02:09] [Server thread/INFO]: View Distance: 10
[16:02:09] [Server thread/INFO]: Experience Merge Radius: 3.0
[16:02:09] [Server thread/INFO]: Zombie Aggressive Towards Villager: true
[16:02:09] [Server thread/INFO]: Nerfing mobs spawned from spawners: false
[16:02:10] [Server thread/INFO]: -------- World Settings For [world_the_end] --------
[16:02:10] [Server thread/INFO]: Cactus Growth Modifier: 100%
[16:02:10] [Server thread/INFO]: Cane Growth Modifier: 100%
[16:02:10] [Server thread/INFO]: Melon Growth Modifier: 100%
[16:02:10] [Server thread/INFO]: Mushroom Growth Modifier: 100%
[16:02:10] [Server thread/INFO]: Pumpkin Growth Modifier: 100%
[16:02:10] [Server thread/INFO]: Sapling Growth Modifier: 100%
[16:02:10] [Server thread/INFO]: Wheat Growth Modifier: 100%
[16:02:10] [Server thread/INFO]: NetherWart Growth Modifier: 100%
[16:02:10] [Server thread/INFO]: Vine Growth Modifier: 100%
[16:02:10] [Server thread/INFO]: Cocoa Growth Modifier: 100%
[16:02:10] [Server thread/INFO]: Mob Spawn Range: 4
[16:02:10] [Server thread/INFO]: Entity Activation Range: An 32 / Mo 32 / Mi 16
[16:02:10] [Server thread/INFO]: Entity Tracking Range: Pl 48 / An 48 / Mo 48 / Mi 32 / Other 64
[16:02:10] [Server thread/INFO]: Hopper Transfer: 8 Hopper Check: 1 Hopper Amount: 1
[16:02:10] [Server thread/INFO]: Random Lighting Updates: false
[16:02:10] [Server thread/INFO]: Structure Info Saving: true
[16:02:10] [Server thread/INFO]: Custom Map Seeds:  Village: 10387312 Feature: 14357617 Monument: 10387313 Slime: 987234911
[16:02:10] [Server thread/INFO]: Max TNT Explosions: 100
[16:02:10] [Server thread/INFO]: Tile Max Tick Time: 50ms Entity max Tick Time: 50ms
[16:02:10] [Server thread/INFO]: Item Despawn Rate: 6000
[16:02:10] [Server thread/INFO]: Item Merge Radius: 2.5
[16:02:10] [Server thread/INFO]: Arrow Despawn Rate: 1200
[16:02:10] [Server thread/INFO]: Allow Zombie Pigmen to spawn from portal blocks: true
[16:02:10] [Server thread/INFO]: View Distance: 10
[16:02:10] [Server thread/INFO]: Experience Merge Radius: 3.0
[16:02:10] [Server thread/INFO]: Zombie Aggressive Towards Villager: true
[16:02:10] [Server thread/INFO]: Nerfing mobs spawned from spawners: false
[16:02:10] [Server thread/INFO]: Preparing start region for level 0 (Seed: -487828511)
[16:02:11] [Server thread/INFO]: Preparing spawn area: 18%
[16:02:12] [Server thread/INFO]: Preparing spawn area: 87%
[16:02:12] [Server thread/INFO]: Preparing start region for level 1 (Seed: -487828511)
[16:02:13] [Server thread/INFO]: Preparing spawn area: 72%
[16:02:13] [Server thread/INFO]: Preparing start region for level 2 (Seed: -487828511)
[16:02:14] [Server thread/INFO]: Server permissions file permissions.yml is empty, ignoring it
[16:02:14] [Server thread/INFO]: Done (4.916s)! For help, type "help" or "?"
[16:02:30] [Server thread/INFO]: Unknown command. Type "/help" for help.[m
[16:02:33] [Server thread/INFO]: Unknown command. Type "/help" for help.[m
[16:02:35] [Server thread/INFO]: Stopping the server
[16:02:35] [Server thread/INFO]: Stopping server
[16:02:35] [Server thread/INFO]: Saving players
[16:02:35] [Server thread/INFO]: Saving worlds
[16:02:35] [Server thread/INFO]: Saving chunks for level 'world'/overworld
[16:02:35] [Server thread/INFO]: Saving chunks for level 'world_nether'/the_nether
[16:02:35] [Server thread/INFO]: Saving chunks for level 'world_the_end'/the_end
